Arguments: 
  C:\Program Files\nodejs\node.exe C:\Program Files (x86)\Yarn\bin\yarn.js build

PATH: 
  C:\Ruby27-x64\bin;C:\Program Files (x86)\Common Files\Oracle\Java\javapath;C:\Users\Administrator\AppData\Roaming\ActiveState\bin;C:\windows\system32;C:\windows;C:\windows\System32\Wbem;C:\windows\System32\WindowsPowerShell\v1.0\;C:\windows\System32\OpenSSH\;C:\Program Files\Microsoft SQL Server\110\Tools\Binn\;C:\Program Files\TortoiseSVN\bin;C:\Program Files\nodejs\;C:\Users\Administrator\AppData\Local\Android\Sdk\platform-tools;C:\composer;C:\Program Files\Microsoft SQL Server\130\Tools\Binn\;C:\Program Files\Microsoft SQL Server\120\Tools\Binn\;C:\Program Files (x86)\Windows Kits\10\Windows Performance Toolkit\;C:\Program Files (x86)\Yarn\bin\;C:\Program Files\VisualSVN Server\bin;C:\Program Files\dotnet\;C:\Program Files\EmEditor;C:\Program Files (x86)\Microsoft SQL Server\110\Tools\Binn\;C:\Program Files (x86)\Microsoft SQL Server\110\DTS\Binn\;C:\Program Files (x86)\Microsoft SQL Server\110\Tools\Binn\ManagementStudio\;C:\Program Files\PuTTY\;C:\Program Files\Git\cmd;C:\Program Files\wkhtmltopdf\bin;C:\Go\bin;C:\Cocos\Cocos2d-x\Cocos2d-x-3.10\templates;C:\Cocos\Cocos2d-x\Cocos2d-x-3.10\tools\cocos2d-console\bin;C:\Users\Administrator\AppData\Roaming\Composer\vendor\bin;C:\Users\Administrator\AppData\Local\Programs\Python\Python37-32;C:\Users\Administrator\AppData\Local\Programs\Python\Python37-32\Scripts;C:\Users\Administrator\AppData\Local\Programs\Microsoft VS Code\bin;C:\Program Files\MongoDB\Server\4.2\bin;C:\Users\Administrator\AppData\Local\GitHubDesktop\bin;C:\xampp\php;C:\Program Files\heroku\bin;C:\Users\Administrator\flutter\bin;C:\Program Files\PostgreSQL\12\bin;C:\Program Files\Java\jdk1.8.0_241\bin;C:\spark-3.0.0-preview2-bin-hadoop2.7;C:\Program Files\Git\cmd;C:\Program Files\Git\bin;C:\Users\Administrator\AppData\Roaming\npm;C:\Users\Administrator\go\bin;C:\Users\Administrator\AppData\Local\atom\bin

Yarn version: 
  1.19.1

Node version: 
  10.16.3

Platform: 
  win32 x64

Trace: 
  SyntaxError: D:\inc\next-incbrands\package.json: Unexpected token } in JSON at position 287
      at JSON.parse (<anonymous>)
      at C:\Program Files (x86)\Yarn\lib\cli.js:1625:59
      at Generator.next (<anonymous>)
      at step (C:\Program Files (x86)\Yarn\lib\cli.js:304:30)
      at C:\Program Files (x86)\Yarn\lib\cli.js:315:13

npm manifest: 
  {
      "name": "genial",
      "version": "2.1.0",
      "description": "Genial - React Next Multi-Niche Landing Templates",
      "main": "index.js",
      "scripts": {
          "dev": "next dev",
          "build": "next build",
          "start": "next start",
          "export": "next export",
      },
      "author": "EnvyTheme.com",
      "license": "ISC",
      "dependencies": {
          "less": "^3.13.1",
          "mixitup": "^3.3.1",
          "next": "^10.0.4",
          "prop-types": "^15.7.2",
          "react": "^16.14.0",
          "react-accessible-accordion": "^3.3.3",
          "react-anchor-link-smooth-scroll": "^1.0.12",
          "react-countup": "^4.3.3",
          "react-dom": "^16.14.0",
          "react-image-lightbox": "^5.1.1",
          "react-modal-video": "^1.2.6",
          "react-owl-carousel3": "^2.2.5",
          "react-preloading-screen": "^1.0.2",
          "react-sweet-progress": "^1.1.2",
          "react-visibility-sensor": "^5.1.1",
          "sass": "^1.32.0",
          "wowjs": "^1.1.3"
      }
  }

yarn manifest: 
  No manifest

Lockfile: 
  No lockfile
